Arguments: 
  /Users/adrian/.nvm/versions/node/v16.5.0/bin/node /opt/homebrew/Cellar/yarn/1.22.17_2/libexec/bin/yarn.js init

PATH: 
  /Users/adrian/.nvm/versions/node/v16.5.0/bin:/Users/adrian/.rbenv/shims:/usr/local/bin:/usr/bin:/bin:/usr/sbin:/sbin:/usr/local/share/dotnet:~/.dotnet/tools:/Applications/Postgres.app/Contents/Versions/latest/bin:/usr/local/sbin:/Users/adrian/Code/go/bin:/Users/adrian/.yarn/bin:/Users/adrian/.pilot/bin:/opt/homebrew/bin:/opt/homebrew-x86/bin:/Users/adrian/Library/Python/3.8/bin

Yarn version: 
  1.22.17

Node version: 
  16.5.0

Platform: 
  darwin arm64

Trace: 
  Error: canceled
      at Interface.<anonymous> (/opt/homebrew/Cellar/yarn/1.22.17_2/libexec/lib/cli.js:137143:13)
      at Interface.emit (node:events:394:28)
      at Interface._ttyWrite (node:readline:1081:16)
      at ReadStream.onkeypress (node:readline:288:10)
      at ReadStream.emit (node:events:394:28)
      at emitKeys (node:internal/readline/utils:358:14)
      at emitKeys.next (<anonymous>)
      at ReadStream.onData (node:internal/readline/emitKeypressEvents:61:36)
      at ReadStream.emit (node:events:394:28)
      at addChunk (node:internal/streams/readable:312:12)

npm manifest: 
  No manifest

yarn manifest: 
  No manifest

Lockfile: 
  No lockfile
